\BOOKMARK [0][-]{chapter.1}{Introduction}{}% 1
\BOOKMARK [1][-]{section.1.1}{Initial Problem Statement}{chapter.1}% 2
\BOOKMARK [0][-]{chapter.2}{Problem Analysis}{}% 3
\BOOKMARK [1][-]{section.2.1}{Object Detection}{chapter.2}% 4
\BOOKMARK [1][-]{section.2.2}{Main Challenges}{chapter.2}% 5
\BOOKMARK [1][-]{section.2.3}{Implementation Outline}{chapter.2}% 6
\BOOKMARK [1][-]{section.2.4}{Benchmark Datasets}{chapter.2}% 7
\BOOKMARK [1][-]{section.2.5}{Related Work}{chapter.2}% 8
\BOOKMARK [1][-]{section.2.6}{Problem Statement}{chapter.2}% 9
\BOOKMARK [0][-]{chapter.3}{Technical Analysis}{}% 10
\BOOKMARK [1][-]{section.3.1}{Object Detection through Deep Learning}{chapter.3}% 11
\BOOKMARK [1][-]{section.3.2}{Ensemble Methods}{chapter.3}% 12
\BOOKMARK [1][-]{section.3.3}{Residual Networks}{chapter.3}% 13
\BOOKMARK [1][-]{section.3.4}{Object Detectors}{chapter.3}% 14
\BOOKMARK [0][-]{chapter.4}{Design}{}% 15
\BOOKMARK [1][-]{section.4.1}{Design Overview}{chapter.4}% 16
\BOOKMARK [0][-]{chapter.5}{Implementation}{}% 17
\BOOKMARK [1][-]{section.5.1}{Resolution-Aware Object Detection}{chapter.5}% 18
\BOOKMARK [1][-]{section.5.2}{Image Quality Assessment}{chapter.5}% 19
\BOOKMARK [1][-]{section.5.3}{Ensemble}{chapter.5}% 20
\BOOKMARK [0][-]{chapter.6}{Discussion}{}% 21
\BOOKMARK [0][-]{chapter.7}{Conclusion}{}% 22
\BOOKMARK [0][-]{section*.75}{Literature}{}% 23
\BOOKMARK [0][-]{section*.77}{Appendices}{}% 24
\BOOKMARK [0][-]{Appendix.a.A}{Appendix A}{}% 25
\BOOKMARK [1][-]{section.a.A.1}{Resolution-Aware Object Detection}{Appendix.a.A}% 26
\BOOKMARK [1][-]{section.a.A.2}{Deep IQA Models}{Appendix.a.A}% 27
